<<<<<<< HEAD
2022-07-09T13:22:17.1701777 401 : [{"timestamp":"2022-07-09T17:22:17.154+00:00","status":401,"error":"Unauthorized","message":"Full authentication is required to access this resource","path":"/tenmo_user/user_id"}]
2022-07-09T13:22:17.1858353 401 : [{"timestamp":"2022-07-09T17:22:17.170+00:00","status":401,"error":"Unauthorized","message":"Full authentication is required to access this resource","path":"/tenmo_user/user_id"}]
2022-07-09T16:33:02.9844253 401 : [{"timestamp":"2022-07-09T20:33:02.962+00:00","status":401,"error":"Unauthorized","message":"Full authentication is required to access this resource","path":"/tenmo_user/user_id"}]
2022-07-09T16:33:02.9844253 401 : [{"timestamp":"2022-07-09T20:33:02.984+00:00","status":401,"error":"Unauthorized","message":"Full authentication is required to access this resource","path":"/tenmo_user/user_id"}]
2022-07-09T17:02:18.7593053 405 : [{"timestamp":"2022-07-09T21:02:18.759+00:00","status":405,"error":"Method Not Allowed","message":"Request method 'POST' not supported","path":"/account"}]
=======
2022-07-09T10:23:02.3707697 401 : [no body]
2022-07-09T10:23:09.2906094 401 : [{"timestamp":"2022-07-09T14:23:09.290+00:00","status":401,"error":"Unauthorized","message":"Full authentication is required to access this resource","path":"/tenmo_user/user_id"}]
2022-07-09T10:23:09.3065033 401 : [{"timestamp":"2022-07-09T14:23:09.306+00:00","status":401,"error":"Unauthorized","message":"Full authentication is required to access this resource","path":"/tenmo_user/user_id"}]
2022-07-09T10:34:28.35951 401 : [{"timestamp":"2022-07-09T14:34:28.330+00:00","status":401,"error":"Unauthorized","message":"Full authentication is required to access this resource","path":"/tenmo_user/user_id"}]
2022-07-09T10:34:28.3755046 401 : [{"timestamp":"2022-07-09T14:34:28.375+00:00","status":401,"error":"Unauthorized","message":"Full authentication is required to access this resource","path":"/tenmo_user/user_id"}]
2022-07-09T10:37:59.6628454 401 : [{"timestamp":"2022-07-09T14:37:59.630+00:00","status":401,"error":"Unauthorized","message":"Full authentication is required to access this resource","path":"/tenmo_user/user_id"}]
2022-07-09T10:37:59.6790986 401 : [{"timestamp":"2022-07-09T14:37:59.662+00:00","status":401,"error":"Unauthorized","message":"Full authentication is required to access this resource","path":"/tenmo_user/user_id"}]
2022-07-09T10:42:08.9193853 404 : [{"timestamp":"2022-07-09T14:42:08.887+00:00","status":404,"error":"Not Found","message":"No message available","path":"/tenmo_user/user_id"}]
2022-07-09T10:42:08.9356183 404 : [{"timestamp":"2022-07-09T14:42:08.935+00:00","status":404,"error":"Not Found","message":"No message available","path":"/tenmo_user/user_id"}]
2022-07-09T10:45:37.8948171 500 : [{"timestamp":"2022-07-09T14:45:37.879+00:00","status":500,"error":"Internal Server Error","message":"Missing URI template variable 'accountId' for method parameter of type long","path":"/account/account_id"}]
2022-07-09T10:45:37.9104027 500 : [{"timestamp":"2022-07-09T14:45:37.910+00:00","status":500,"error":"Internal Server Error","message":"Missing URI template variable 'accountId' for method parameter of type long","path":"/account/account_id"}]
2022-07-09T10:50:14.759379 401 : [{"timestamp":"2022-07-09T14:50:14.727+00:00","status":401,"error":"Unauthorized","message":"Full authentication is required to access this resource","path":"/account"}]
2022-07-09T10:50:14.759379 401 : [{"timestamp":"2022-07-09T14:50:14.759+00:00","status":401,"error":"Unauthorized","message":"Full authentication is required to access this resource","path":"/account"}]
2022-07-09T10:55:40.8570975 401 : [{"timestamp":"2022-07-09T14:55:40.819+00:00","status":401,"error":"Unauthorized","message":"Full authentication is required to access this resource","path":"/account"}]
2022-07-09T10:55:40.8570975 401 : [{"timestamp":"2022-07-09T14:55:40.857+00:00","status":401,"error":"Unauthorized","message":"Full authentication is required to access this resource","path":"/account"}]
2022-07-09T10:56:11.5592699 401 : [{"timestamp":"2022-07-09T14:56:11.523+00:00","status":401,"error":"Unauthorized","message":"Full authentication is required to access this resource","path":"/account"}]
2022-07-09T10:57:04.4086445 401 : [{"timestamp":"2022-07-09T14:57:04.408+00:00","status":401,"error":"Unauthorized","message":"Full authentication is required to access this resource","path":"/account"}]
2022-07-09T10:57:20.5459151 401 : [{"timestamp":"2022-07-09T14:57:20.523+00:00","status":401,"error":"Unauthorized","message":"Full authentication is required to access this resource","path":"/account"}]
2022-07-09T10:57:25.1187153 401 : [{"timestamp":"2022-07-09T14:57:25.116+00:00","status":401,"error":"Unauthorized","message":"Full authentication is required to access this resource","path":"/account"}]
2022-07-09T10:58:11.8021956 401 : [{"timestamp":"2022-07-09T14:58:11.773+00:00","status":401,"error":"Unauthorized","message":"Full authentication is required to access this resource","path":"/account"}]
2022-07-09T12:05:16.1818288 401 : [{"timestamp":"2022-07-09T16:05:16.150+00:00","status":401,"error":"Unauthorized","message":"Full authentication is required to access this resource","path":"/account"}]
2022-07-09T12:05:16.1818288 401 : [{"timestamp":"2022-07-09T16:05:16.181+00:00","status":401,"error":"Unauthorized","message":"Full authentication is required to access this resource","path":"/account"}]
2022-07-09T12:05:59.8163967 401 : [{"timestamp":"2022-07-09T16:05:59.618+00:00","status":401,"error":"Unauthorized","message":"Full authentication is required to access this resource","path":"/account"}]
2022-07-09T12:06:14.3885431 401 : [{"timestamp":"2022-07-09T16:06:14.383+00:00","status":401,"error":"Unauthorized","message":"Full authentication is required to access this resource","path":"/account"}]
2022-07-09T12:07:07.7342259 401 : [{"timestamp":"2022-07-09T16:07:04.927+00:00","status":401,"error":"Unauthorized","message":"Full authentication is required to access this resource","path":"/account"}]
2022-07-09T12:07:15.439538 401 : [{"timestamp":"2022-07-09T16:07:15.439+00:00","status":401,"error":"Unauthorized","message":"Full authentication is required to access this resource","path":"/account"}]
2022-07-09T12:10:24.471826 401 : [{"timestamp":"2022-07-09T16:10:21.981+00:00","status":401,"error":"Unauthorized","message":"Full authentication is required to access this resource","path":"/account"}]
2022-07-09T12:11:12.6281869 401 : [{"timestamp":"2022-07-09T16:11:12.623+00:00","status":401,"error":"Unauthorized","message":"Full authentication is required to access this resource","path":"/account"}]
2022-07-09T12:13:26.992223 500 : [{"timestamp":"2022-07-09T16:13:26.889+00:00","status":500,"error":"Internal Server Error","message":"Invalid column name; nested exception is java.sql.SQLException: Invalid column name","path":"/account"}]
2022-07-09T12:14:10.9234327 500 : [{"timestamp":"2022-07-09T16:14:10.887+00:00","status":500,"error":"Internal Server Error","message":"Invalid column name; nested exception is java.sql.SQLException: Invalid column name","path":"/account"}]
2022-07-09T12:14:38.6496686 500 : [{"timestamp":"2022-07-09T16:14:38.621+00:00","status":500,"error":"Internal Server Error","message":"Invalid column name; nested exception is java.sql.SQLException: Invalid column name","path":"/account"}]
2022-07-09T12:14:38.6658948 500 : [{"timestamp":"2022-07-09T16:14:38.665+00:00","status":500,"error":"Internal Server Error","message":"Invalid column name; nested exception is java.sql.SQLException: Invalid column name","path":"/account"}]
2022-07-09T12:15:32.5355297 500 : [{"timestamp":"2022-07-09T16:15:32.456+00:00","status":500,"error":"Internal Server Error","message":"Invalid column name; nested exception is java.sql.SQLException: Invalid column name","path":"/account"}]
2022-07-09T12:15:35.975383 500 : [{"timestamp":"2022-07-09T16:15:35.975+00:00","status":500,"error":"Internal Server Error","message":"Invalid column name; nested exception is java.sql.SQLException: Invalid column name","path":"/account"}]
2022-07-09T12:21:31.812596 500 : [{"timestamp":"2022-07-09T16:21:26.413+00:00","status":500,"error":"Internal Server Error","message":"Invalid column name; nested exception is java.sql.SQLException: Invalid column name","path":"/account"}]
2022-07-09T12:21:55.2464945 500 : [{"timestamp":"2022-07-09T16:21:55.246+00:00","status":500,"error":"Internal Server Error","message":"Invalid column name; nested exception is java.sql.SQLException: Invalid column name","path":"/account"}]
2022-07-09T12:24:41.6678959 500 : [{"timestamp":"2022-07-09T16:23:27.795+00:00","status":500,"error":"Internal Server Error","message":"Invalid column name; nested exception is java.sql.SQLException: Invalid column name","path":"/account"}]
2022-07-09T12:24:55.9003509 500 : [{"timestamp":"2022-07-09T16:24:55.900+00:00","status":500,"error":"Internal Server Error","message":"Invalid column name; nested exception is java.sql.SQLException: Invalid column name","path":"/account"}]
2022-07-09T12:29:53.5255739 500 : [{"timestamp":"2022-07-09T16:29:53.514+00:00","status":500,"error":"Internal Server Error","message":"Invalid column name; nested exception is java.sql.SQLException: Invalid column name","path":"/account"}]
2022-07-09T12:29:53.5599427 500 : [{"timestamp":"2022-07-09T16:29:53.559+00:00","status":500,"error":"Internal Server Error","message":"Invalid column name; nested exception is java.sql.SQLException: Invalid column name","path":"/account"}]
2022-07-09T12:32:29.2563711 500 : [{"timestamp":"2022-07-09T16:31:45.655+00:00","status":500,"error":"Internal Server Error","message":"Invalid column name; nested exception is java.sql.SQLException: Invalid column name","path":"/account"}]
2022-07-09T12:33:04.104751 500 : [{"timestamp":"2022-07-09T16:33:04.104+00:00","status":500,"error":"Internal Server Error","message":"Invalid column name; nested exception is java.sql.SQLException: Invalid column name","path":"/account"}]
2022-07-09T12:38:45.8571842 500 : [{"timestamp":"2022-07-09T16:38:43.558+00:00","status":500,"error":"Internal Server Error","message":"Invalid column name; nested exception is java.sql.SQLException: Invalid column name","path":"/account"}]
2022-07-09T12:39:10.7199557 500 : [{"timestamp":"2022-07-09T16:39:07.602+00:00","status":500,"error":"Internal Server Error","message":"Invalid column name; nested exception is java.sql.SQLException: Invalid column name","path":"/account"}]
2022-07-09T12:40:12.7919207 500 : [{"timestamp":"2022-07-09T16:40:10.416+00:00","status":500,"error":"Internal Server Error","message":"Invalid column name; nested exception is java.sql.SQLException: Invalid column name","path":"/account"}]
2022-07-09T12:43:59.5506935 500 : [{"timestamp":"2022-07-09T16:43:59.534+00:00","status":500,"error":"Internal Server Error","message":"Invalid column name; nested exception is java.sql.SQLException: Invalid column name","path":"/account"}]
2022-07-09T12:44:52.7370385 500 : [{"timestamp":"2022-07-09T16:44:52.705+00:00","status":500,"error":"Internal Server Error","message":"Invalid column name; nested exception is java.sql.SQLException: Invalid column name","path":"/account"}]
2022-07-09T12:45:15.2989715 500 : [{"timestamp":"2022-07-09T16:45:15.251+00:00","status":500,"error":"Internal Server Error","message":"Invalid column name; nested exception is java.sql.SQLException: Invalid column name","path":"/account"}]
2022-07-09T12:45:50.2690466 500 : [{"timestamp":"2022-07-09T16:45:50.157+00:00","status":500,"error":"Internal Server Error","message":"Invalid column name; nested exception is java.sql.SQLException: Invalid column name","path":"/account"}]
2022-07-09T12:46:12.480578 500 : [{"timestamp":"2022-07-09T16:46:12.448+00:00","status":500,"error":"Internal Server Error","message":"Invalid column name; nested exception is java.sql.SQLException: Invalid column name","path":"/account"}]
2022-07-09T12:46:12.4973404 500 : [{"timestamp":"2022-07-09T16:46:12.497+00:00","status":500,"error":"Internal Server Error","message":"Invalid column name; nested exception is java.sql.SQLException: Invalid column name","path":"/account"}]
2022-07-09T12:46:29.5943898 500 : [{"timestamp":"2022-07-09T16:46:29.505+00:00","status":500,"error":"Internal Server Error","message":"Invalid column name; nested exception is java.sql.SQLException: Invalid column name","path":"/account"}]
2022-07-09T12:46:54.8509732 500 : [{"timestamp":"2022-07-09T16:46:53.678+00:00","status":500,"error":"Internal Server Error","message":"Invalid column name; nested exception is java.sql.SQLException: Invalid column name","path":"/account"}]
2022-07-09T13:03:40.5815138 500 : [{"timestamp":"2022-07-09T17:03:40.531+00:00","status":500,"error":"Internal Server Error","message":"Invalid column name; nested exception is java.sql.SQLException: Invalid column name","path":"/account"}]
2022-07-09T13:03:40.6086106 500 : [{"timestamp":"2022-07-09T17:03:40.597+00:00","status":500,"error":"Internal Server Error","message":"Invalid column name; nested exception is java.sql.SQLException: Invalid column name","path":"/account"}]
2022-07-09T13:23:03.7807174 404 : [{"timestamp":"2022-07-09T17:23:03.758+00:00","status":404,"error":"Not Found","message":"No message available","path":"/tenmo_user/user_id"}]
2022-07-09T13:23:03.7807174 404 : [{"timestamp":"2022-07-09T17:23:03.780+00:00","status":404,"error":"Not Found","message":"No message available","path":"/tenmo_user/user_id"}]
2022-07-09T13:23:33.310527 401 : [no body]
2022-07-09T13:23:38.144992 401 : [no body]
2022-07-09T13:24:11.8080272 404 : [{"timestamp":"2022-07-09T17:24:07.880+00:00","status":404,"error":"Not Found","message":"No message available","path":"/tenmo_user/user_id"}]
2022-07-09T13:24:21.4543701 404 : [{"timestamp":"2022-07-09T17:24:21.452+00:00","status":404,"error":"Not Found","message":"No message available","path":"/tenmo_user/user_id"}]
2022-07-09T13:25:23.2432613 404 : [{"timestamp":"2022-07-09T17:25:23.227+00:00","status":404,"error":"Not Found","message":"No message available","path":"/tenmo_user/user_id"}]
2022-07-09T13:25:23.2589362 404 : [{"timestamp":"2022-07-09T17:25:23.258+00:00","status":404,"error":"Not Found","message":"No message available","path":"/tenmo_user/user_id"}]
2022-07-09T13:25:54.4442336 404 : [{"timestamp":"2022-07-09T17:25:54.412+00:00","status":404,"error":"Not Found","message":"No message available","path":"/tenmo_user/user_id"}]
2022-07-09T13:25:54.4442336 404 : [{"timestamp":"2022-07-09T17:25:54.444+00:00","status":404,"error":"Not Found","message":"No message available","path":"/tenmo_user/user_id"}]
2022-07-09T13:26:20.3192594 404 : [{"timestamp":"2022-07-09T17:26:20.287+00:00","status":404,"error":"Not Found","message":"No message available","path":"/tenmo_user/user_id"}]
2022-07-09T13:26:20.3380788 404 : [{"timestamp":"2022-07-09T17:26:20.335+00:00","status":404,"error":"Not Found","message":"No message available","path":"/tenmo_user/user_id"}]
2022-07-09T13:28:45.5800219 500 : [{"timestamp":"2022-07-09T17:28:45.564+00:00","status":500,"error":"Internal Server Error","message":"Invalid column name; nested exception is java.sql.SQLException: Invalid column name","path":"/account"}]
2022-07-09T13:28:45.607785 500 : [{"timestamp":"2022-07-09T17:28:45.607+00:00","status":500,"error":"Internal Server Error","message":"Invalid column name; nested exception is java.sql.SQLException: Invalid column name","path":"/account"}]
2022-07-09T13:46:57.0486837 500 : [{"timestamp":"2022-07-09T17:46:57.032+00:00","status":500,"error":"Internal Server Error","message":"Invalid column name; nested exception is java.sql.SQLException: Invalid column name","path":"/account"}]
2022-07-09T13:46:57.065179 500 : [{"timestamp":"2022-07-09T17:46:57.065+00:00","status":500,"error":"Internal Server Error","message":"Invalid column name; nested exception is java.sql.SQLException: Invalid column name","path":"/account"}]
2022-07-09T13:47:38.7759202 500 : [{"timestamp":"2022-07-09T17:47:38.759+00:00","status":500,"error":"Internal Server Error","message":"Invalid column name; nested exception is java.sql.SQLException: Invalid column name","path":"/account"}]
2022-07-09T13:47:38.7922378 500 : [{"timestamp":"2022-07-09T17:47:38.792+00:00","status":500,"error":"Internal Server Error","message":"Invalid column name; nested exception is java.sql.SQLException: Invalid column name","path":"/account"}]
2022-07-09T14:09:29.5891166 500 : [{"timestamp":"2022-07-09T18:09:29.555+00:00","status":500,"error":"Internal Server Error","message":"Invalid column name; nested exception is java.sql.SQLException: Invalid column name","path":"/account"}]
2022-07-09T14:09:29.6209912 500 : [{"timestamp":"2022-07-09T18:09:29.620+00:00","status":500,"error":"Internal Server Error","message":"Invalid column name; nested exception is java.sql.SQLException: Invalid column name","path":"/account"}]
2022-07-09T14:09:46.6260066 500 : [{"timestamp":"2022-07-09T18:09:46.626+00:00","status":500,"error":"Internal Server Error","message":"Invalid column name; nested exception is java.sql.SQLException: Invalid column name","path":"/account"}]
2022-07-09T14:09:46.6572644 500 : [{"timestamp":"2022-07-09T18:09:46.657+00:00","status":500,"error":"Internal Server Error","message":"Invalid column name; nested exception is java.sql.SQLException: Invalid column name","path":"/account"}]
2022-07-09T14:10:22.6374494 500 : [{"timestamp":"2022-07-09T18:10:22.591+00:00","status":500,"error":"Internal Server Error","message":"Invalid column name; nested exception is java.sql.SQLException: Invalid column name","path":"/account"}]
2022-07-09T14:10:22.6546399 500 : [{"timestamp":"2022-07-09T18:10:22.654+00:00","status":500,"error":"Internal Server Error","message":"Invalid column name; nested exception is java.sql.SQLException: Invalid column name","path":"/account"}]
2022-07-09T14:10:24.8936475 500 : [{"timestamp":"2022-07-09T18:10:24.878+00:00","status":500,"error":"Internal Server Error","message":"Invalid column name; nested exception is java.sql.SQLException: Invalid column name","path":"/account"}]
2022-07-09T14:10:24.9248954 500 : [{"timestamp":"2022-07-09T18:10:24.909+00:00","status":500,"error":"Internal Server Error","message":"Invalid column name; nested exception is java.sql.SQLException: Invalid column name","path":"/account"}]
2022-07-09T16:55:05.2341552 405 : [{"timestamp":"2022-07-09T20:55:05.218+00:00","status":405,"error":"Method Not Allowed","message":"Request method 'POST' not supported","path":"/account"}]
2022-07-09T16:56:00.7890439 405 : [{"timestamp":"2022-07-09T20:56:00.772+00:00","status":405,"error":"Method Not Allowed","message":"Request method 'POST' not supported","path":"/account/transfer"}]
2022-07-09T17:03:59.2584234 405 : [{"timestamp":"2022-07-09T21:03:59.189+00:00","status":405,"error":"Method Not Allowed","message":"Request method 'POST' not supported","path":"/account/transfer"}]
2022-07-09T17:15:30.2004048 405 : [{"timestamp":"2022-07-09T21:15:30.177+00:00","status":405,"error":"Method Not Allowed","message":"Request method 'POST' not supported","path":"/account/transfer"}]
2022-07-09T21:32:47.1371758 I/O error on POST request for "http://localhost:8080/login": Connection refused: connect; nested exception is java.net.ConnectException: Connection refused: connect
2022-07-09T21:33:33.2634573 I/O error on POST request for "http://localhost:8080/login": Connection refused: connect; nested exception is java.net.ConnectException: Connection refused: connect
2022-07-09T21:33:40.6019658 I/O error on POST request for "http://localhost:8080/login": Connection refused: connect; nested exception is java.net.ConnectException: Connection refused: connect
>>>>>>> b667790aadb367365a27b7237a3191eb34293cd2
